Build started 1/25/2013 12:33:31 AM.
     1>Project "C:\Users\Admin\Desktop\gEngine\gEngine\gCore\gCore.vcxproj" on node 2 (Build target(s)).
     1>ClCompile:
         C:\Program Files (x86)\Microsoft Visual Studio 11.0\VC\bin\CL.exe /c /ZI /nologo /W3 /WX- /Od /Oy- /D _WINDLL /D _MBCS /Gm /EHsc /RTC1 /MD /GS /fp:precise /Zc:wchar_t /Zc:forScope /Fo"Debug\\" /Fd"Debug\vc110.pdb" /Gd /TP /analyze- /errorReport:prompt ..\include\gEngine\Animation.cpp ..\include\gEngine\Camera.cpp ..\include\gEngine\Main.cpp ..\include\gEngine\Screen.cpp ..\include\gEngine\Sprite.cpp ..\include\gEngine\Surface.cpp
         Surface.cpp
     1>c:\users\admin\desktop\gengine\gengine\include\gengine\surface.cpp(22): warning C4244: 'return' : conversion from 'double' to 'int', possible loss of data
     1>c:\users\admin\desktop\gengine\gengine\include\gengine\surface.cpp(26): warning C4244: 'return' : conversion from 'double' to 'int', possible loss of data
     1>c:\users\admin\desktop\gengine\gengine\include\gengine\surface.cpp(122): warning C4018: '<' : signed/unsigned mismatch
     1>c:\users\admin\desktop\gengine\gengine\include\gengine\surface.cpp(123): warning C4018: '<' : signed/unsigned mismatch
         Generating Code...
         Compiling...
         Sprite.cpp
         Screen.cpp
     1>c:\users\admin\desktop\gengine\gengine\include\gengine\screen.cpp(82): warning C4244: 'argument' : conversion from 'double' to 'GLfloat', possible loss of data
     1>c:\users\admin\desktop\gengine\gengine\include\gengine\screen.cpp(83): warning C4244: 'argument' : conversion from 'double' to 'GLfloat', possible loss of data
     1>c:\users\admin\desktop\gengine\gengine\include\gengine\screen.cpp(84): warning C4244: 'argument' : conversion from 'double' to 'GLfloat', possible loss of data
     1>c:\users\admin\desktop\gengine\gengine\include\gengine\screen.cpp(85): warning C4244: 'argument' : conversion from 'double' to 'GLfloat', possible loss of data
         Main.cpp
         Animation.cpp
     1>c:\users\admin\desktop\gengine\gengine\include\gengine\animation.cpp(104): warning C4018: '>=' : signed/unsigned mismatch
         Generating Code...
         Skipping... (no relevant changes detected)
         Camera.cpp
       Link:
         C:\Program Files (x86)\Microsoft Visual Studio 11.0\VC\bin\link.exe /ERRORREPORT:PROMPT /OUT:"C:\Users\Admin\Desktop\gEngine\gEngine\lib\gCore.dll" /INCREMENTAL /NOLOGO /LIBPATH:C:\Users\Admin\Desktop\gEngine\gEngine\lib SDL.lib SDLmain.lib HLLib.lib opengl32.lib glu32.lib kernel32.lib user32.lib gdi32.lib winspool.lib comdlg32.lib advapi32.lib shell32.lib ole32.lib oleaut32.lib uuid.lib odbc32.lib odbccp32.lib /MANIFEST /MANIFESTUAC:"level='asInvoker' uiAccess='false'" /manifest:embed /DEBUG /PDB:"C:\Users\Admin\Desktop\gEngine\gEngine\lib\gCore.pdb" /TLBID:1 /DYNAMICBASE /NXCOMPAT /IMPLIB:"C:\Users\Admin\Desktop\gEngine\gEngine\lib\gCore.lib" /MACHINE:X86 /DLL Debug\Animation.obj
         Debug\Camera.obj
         Debug\Event.obj
         Debug\Main.obj
         Debug\Object.obj
         Debug\Resource.obj
         Debug\Screen.obj
         Debug\Sprite.obj
         Debug\Surface.obj
         Debug\Utils.obj
            Creating library C:\Users\Admin\Desktop\gEngine\gEngine\lib\gCore.lib and object C:\Users\Admin\Desktop\gEngine\gEngine\lib\gCore.exp
         gCore.vcxproj -> C:\Users\Admin\Desktop\gEngine\gEngine\lib\gCore.dll
     1>Done Building Project "C:\Users\Admin\Desktop\gEngine\gEngine\gCore\gCore.vcxproj" (Build target(s)).

Build succeeded.

Time Elapsed 00:00:44.41
